<?xml version="1.0" encoding="UTF-8"?>
<testng-results ignored="0" total="3" passed="3" failed="0" skipped="0">
  <reporter-output>
  </reporter-output>
  <suite started-at="2024-01-20T16:26:46 IST" name="Suite" finished-at="2024-01-20T16:29:41 IST" duration-ms="175333">
    <groups>
    </groups>
    <test started-at="2024-01-20T16:26:46 IST" name="Test1" finished-at="2024-01-20T16:27:15 IST" duration-ms="29153">
      <class name="AmozonApplication.AmozonAppDockerTest">
        <test-method signature="CrossbrowserTest(java.lang.String)[pri:0, instance:AmozonApplication.AmozonAppDockerTest@3c407114]" started-at="2024-01-20T16:26:46 IST" name="CrossbrowserTest" finished-at="2024-01-20T16:27:15 IST" duration-ms="29006" status="PASS">
          <params>
            <param index="0">
              <value>
                <![CDATA[chrome]]>
              </value>
            </param>
          </params>
          <reporter-output>
          </reporter-output>
        </test-method> <!-- CrossbrowserTest -->
      </class> <!-- AmozonApplication.AmozonAppDockerTest -->
    </test> <!-- Test1 -->
    <test started-at="2024-01-20T16:26:46 IST" name="Test3" finished-at="2024-01-20T16:27:21 IST" duration-ms="35168">
      <class name="AmozonApplication.AmozonAppDockerTest">
        <test-method signature="CrossbrowserTest(java.lang.String)[pri:0, instance:AmozonApplication.AmozonAppDockerTest@dd8ba08]" started-at="2024-01-20T16:26:46 IST" name="CrossbrowserTest" finished-at="2024-01-20T16:27:21 IST" duration-ms="35044" status="PASS">
          <params>
            <param index="0">
              <value>
                <![CDATA[edge]]>
              </value>
            </param>
          </params>
          <reporter-output>
          </reporter-output>
        </test-method> <!-- CrossbrowserTest -->
      </class> <!-- AmozonApplication.AmozonAppDockerTest -->
    </test> <!-- Test3 -->
    <test started-at="2024-01-20T16:26:46 IST" name="Test2" finished-at="2024-01-20T16:29:41 IST" duration-ms="175332">
      <class name="AmozonApplication.AmozonAppDockerTest">
        <test-method signature="CrossbrowserTest(java.lang.String)[pri:0, instance:AmozonApplication.AmozonAppDockerTest@2a798d51]" started-at="2024-01-20T16:26:46 IST" name="CrossbrowserTest" finished-at="2024-01-20T16:29:41 IST" duration-ms="175194" status="PASS">
          <params>
            <param index="0">
              <value>
                <![CDATA[firefox]]>
              </value>
            </param>
          </params>
          <reporter-output>
          </reporter-output>
        </test-method> <!-- CrossbrowserTest -->
      </class> <!-- AmozonApplication.AmozonAppDockerTest -->
    </test> <!-- Test2 -->
  </suite> <!-- Suite -->
</testng-results>
